2025-04-08 20:59:00 | WARN | repo=pv243-a4m36jee-2016-infinispan-seminar-autumn | action=commit
2025-06-17 10:07:00 | WARN | repo=pv243-a4m36jee-2016-infinispan-seminar-autumn | action=commit
2025-07-12 17:57:00 | DEBUG | repo=pv243-a4m36jee-2016-infinispan-seminar-autumn | action=commit
2025-02-21 18:20:00 | INFO | repo=pv243-a4m36jee-2016-infinispan-seminar-autumn | action=commit
2025-07-09 17:31:00 | DEBUG | repo=pv243-a4m36jee-2016-infinispan-seminar-autumn | action=commit
2025-09-11 21:01:00 | INFO | repo=pv243-a4m36jee-2016-infinispan-seminar-autumn | action=edit | files=3
2025-08-05 08:10:00 | DEBUG | repo=pv243-a4m36jee-2016-infinispan-seminar-autumn | action=commit
2025-01-13 11:37:00 | WARN | repo=pv243-a4m36jee-2016-infinispan-seminar-autumn | action=edit | files=1
2025-05-25 21:17:00 | DEBUG | repo=pv243-a4m36jee-2016-infinispan-seminar-autumn | action=pull
2025-03-26 15:34:00 | INFO | repo=pv243-a4m36jee-2016-infinispan-seminar-autumn | action=commit
2025-09-05 14:59:00 | INFO | repo=pv243-a4m36jee-2016-infinispan-seminar-autumn | action=edit | files=1
2025-11-23 17:20:00 | WARN | repo=pv243-a4m36jee-2016-infinispan-seminar-autumn | action=pull
2025-06-06 15:03:00 | DEBUG | repo=pv243-a4m36jee-2016-infinispan-seminar-autumn | action=commit
2025-03-02 07:18:00 | DEBUG | repo=pv243-a4m36jee-2016-infinispan-seminar-autumn | action=test | passed=true
2025-01-03 13:23:00 | INFO | repo=pv243-a4m36jee-2016-infinispan-seminar-autumn | action=commit
2025-10-25 10:54:00 | DEBUG | repo=pv243-a4m36jee-2016-infinispan-seminar-autumn | action=test | passed=true
2025-02-26 15:13:00 | INFO | repo=pv243-a4m36jee-2016-infinispan-seminar-autumn | action=commit
2025-08-13 16:01:00 | DEBUG | repo=pv243-a4m36jee-2016-infinispan-seminar-autumn | action=commit
2025-11-26 12:16:00 | WARN | repo=pv243-a4m36jee-2016-infinispan-seminar-autumn | action=commit
2025-03-01 15:00:00 | WARN | repo=pv243-a4m36jee-2016-infinispan-seminar-autumn | action=commit
2025-05-03 19:23:00 | WARN | repo=pv243-a4m36jee-2016-infinispan-seminar-autumn | action=edit | files=2
2025-02-27 20:10:00 | DEBUG | repo=pv243-a4m36jee-2016-infinispan-seminar-autumn | action=commit
2025-08-11 18:22:00 | DEBUG | repo=pv243-a4m36jee-2016-infinispan-seminar-autumn | action=commit
2025-05-02 19:31:00 | WARN | repo=pv243-a4m36jee-2016-infinispan-seminar-autumn | action=commit
